<?xml version="1.0" encoding="UTF-8"?>
<testsuite xmlns:xsi="http://www.w3.org/2001/XMLSchema-instance" xsi:noNamespaceSchemaLocation="https://maven.apache.org/surefire/maven-surefire-plugin/xsd/surefire-test-report.xsd" name="TestSuite" time="9.625" tests="2" errors="0" skipped="0" failures="2">
  <properties>
[...]
</properties>
  <testcase name="loginTrue" classname="com.study.cases.LoginTest" time="4.579">
    <failure message="Connection to http://localhost:8888 refused" type="org.apache.http.conn.HttpHostConnectException">org.apache.http.conn.HttpHostConnectException: Connection to http://localhost:8888 refused
	at com.study.cases.LoginTest.getResult(LoginTest.java:80)
	at com.study.cases.LoginTest.loginTrue(LoginTest.java:46)
Caused by: java.net.ConnectException: Connection refused: connect
	at com.study.cases.LoginTest.getResult(LoginTest.java:80)
	at com.study.cases.LoginTest.loginTrue(LoginTest.java:46)
</failure>
    <system-out><![CDATA[LoginCase(id=1, userName=zhangsan, password=123456, expected=true)
http://localhost:8888/v1/login
]]></system-out>
    <system-err><![CDATA[Sun Apr 05 13:33:10 CST 2020 WARN: Establishing SSL connection without server's identity verification is not recommended. According to MySQL 5.5.45+, 5.6.26+ and 5.7.6+ requirements SSL connection must be established by default if explicit option isn't set. For compliance with existing applications not using SSL the verifyServerCertificate property is set to 'false'. You need either to explicitly disable SSL by setting useSSL=false, or set useSSL=true and provide truststore for server certificate verification.
]]></system-err>
  </testcase>
  <testcase name="loginFalse" classname="com.study.cases.LoginTest" time="4.155">
    <failure message="Connection to http://localhost:8888 refused" type="org.apache.http.conn.HttpHostConnectException">org.apache.http.conn.HttpHostConnectException: Connection to http://localhost:8888 refused
	at com.study.cases.LoginTest.getResult(LoginTest.java:80)
	at com.study.cases.LoginTest.loginFalse(LoginTest.java:61)
Caused by: java.net.ConnectException: Connection refused: connect
	at com.study.cases.LoginTest.getResult(LoginTest.java:80)
	at com.study.cases.LoginTest.loginFalse(LoginTest.java:61)
</failure>
    <system-out><![CDATA[LoginCase(id=2, userName=zahngsanerro, password=123, expected=false)
http://localhost:8888/v1/login
]]></system-out>
    <system-err><![CDATA[Sun Apr 05 13:33:15 CST 2020 WARN: Establishing SSL connection without server's identity verification is not recommended. According to MySQL 5.5.45+, 5.6.26+ and 5.7.6+ requirements SSL connection must be established by default if explicit option isn't set. For compliance with existing applications not using SSL the verifyServerCertificate property is set to 'false'. You need either to explicitly disable SSL by setting useSSL=false, or set useSSL=true and provide truststore for server certificate verification.
]]></system-err>
  </testcase>
</testsuite>